2025-03-31 14:40:59,737 - WARNING - Kein Ordner ausgewählt. Vorgang abgebrochen. (File: rename_files, Line: 65, Function: process_files)
2025-03-31 14:41:25,331 - INFO - 36 Dateien mit Endung .picolog gefunden. Beginne Verarbeitung …
2025-03-31 14:41:25,424 - WARNING - Dateiname C_A1_Class2_DUT2_V1_Vishay_after_press_50.picolog bereits gespeichert. Vorgang übersprungen. (File: rename_files, Line: 101, Function: process_files)
2025-03-31 14:41:25,465 - INFO - 35 von 36 Dateien wurden erfolgreich umbenannt und gespeichert.
2025-03-31 14:41:25,465 - INFO - Zielordner: C:/Users/rodi9/Dropbox/InstitutGR/HESS4MRA/Testing/CapMeasurementSystem/picolog_files_original\processed_files
2025-03-31 14:41:48,799 - INFO - 7 Dateien mit Endung .picolog gefunden. Beginne Verarbeitung …
2025-03-31 14:41:48,832 - INFO - 7 von 7 Dateien wurden erfolgreich umbenannt und gespeichert.
2025-03-31 14:41:48,834 - INFO - Zielordner: C:/Users/rodi9/Dropbox/InstitutGR/HESS4MRA/Testing/CapMeasurementSystem/picolog_files_original/andrada_pc\processed_files
2025-03-31 14:52:36,916 - INFO - Klick an Position: (5427, -1709)
2025-03-31 14:52:37,323 - INFO - Klick an Position: (5585, -1596)
2025-03-31 14:52:37,729 - INFO - Klick an Position: (5897, -915)
2025-03-31 14:52:38,131 - INFO - Klick an Position: (5897, -915)
2025-03-31 14:52:38,533 - INFO - Klick an Position: (5897, -915)
2025-03-31 14:52:38,935 - INFO - Klick an Position: (5897, -915)
2025-03-31 14:52:39,337 - INFO - Klick an Position: (5897, -915)
2025-03-31 14:52:39,739 - INFO - Klick an Position: (5897, -915)
2025-03-31 14:52:40,141 - INFO - Klick an Position: (5897, -915)
2025-03-31 14:52:40,546 - INFO - Klick an Position: (5897, -915)
2025-03-31 14:52:40,949 - INFO - Klick an Position: (5897, -915)
2025-03-31 14:52:41,351 - INFO - Klick an Position: (6084, -903)
2025-03-31 14:52:41,753 - INFO - Klick an Position: (6047, -875)
2025-03-31 14:52:42,155 - INFO - Klick an Position: (6047, -732)
2025-03-31 14:52:42,559 - INFO - Klick an Position: (5775, -695)
2025-03-31 14:52:42,961 - INFO - Klick an Position: (5888, -599)
2025-03-31 14:52:43,363 - INFO - Klick an Position: (6132, -500)
2025-03-31 14:52:43,766 - INFO - Klick an Position: (5984, -615)
2025-03-31 14:52:44,278 - INFO - Dateiname 'filename.csv' eingefügt.
2025-03-31 14:52:44,681 - INFO - Klick an Position: (5249, -494)
2025-03-31 14:52:44,681 - INFO - Warte 64s ...
2025-03-31 14:53:48,682 - INFO - Wartezeit durchgeführt.
2025-03-31 14:53:49,093 - INFO - Klick an Position: (7653, -1776)
2025-03-31 14:55:37,029 - INFO - Öffne Datei: C_A1_Class2_DUT2_V1_Vishay_pressed_50.picolog
2025-03-31 14:55:42,566 - INFO - Klick an Position: (5427, -1709)
2025-03-31 14:55:42,969 - INFO - Klick an Position: (5585, -1596)
2025-03-31 14:55:43,371 - INFO - Klick an Position: (5897, -915)
2025-03-31 14:55:43,773 - INFO - Klick an Position: (5897, -915)
2025-03-31 14:55:44,176 - INFO - Klick an Position: (5897, -915)
2025-03-31 14:55:44,583 - INFO - Klick an Position: (5897, -915)
2025-03-31 14:55:44,985 - INFO - Klick an Position: (5897, -915)
2025-03-31 14:55:45,388 - INFO - Klick an Position: (5897, -915)
2025-03-31 14:55:45,789 - INFO - Klick an Position: (5897, -915)
2025-03-31 14:55:46,192 - INFO - Klick an Position: (5897, -915)
2025-03-31 14:55:46,594 - INFO - Klick an Position: (5897, -915)
2025-03-31 14:55:46,996 - INFO - Klick an Position: (6084, -903)
2025-03-31 14:55:47,398 - INFO - Klick an Position: (6047, -875)
2025-03-31 14:55:47,800 - INFO - Klick an Position: (6047, -732)
2025-03-31 14:55:48,203 - INFO - Klick an Position: (5775, -695)
2025-03-31 14:55:48,605 - INFO - Klick an Position: (5888, -599)
2025-03-31 14:55:49,007 - INFO - Klick an Position: (6132, -500)
2025-03-31 14:55:49,410 - INFO - Klick an Position: (5984, -615)
2025-03-31 14:55:49,933 - INFO - Dateiname 'C_A1_Class2_DUT2_V1_Vishay_pressed_50.csv' eingefügt.
2025-03-31 14:55:50,336 - INFO - Klick an Position: (5249, -494)
2025-03-31 14:55:50,336 - INFO - Warte 64.0s ...
2025-03-31 14:56:54,338 - INFO - Wartezeit durchgeführt.
2025-03-31 14:56:54,741 - INFO - Klick an Position: (7653, -1776)
2025-03-31 14:56:56,742 - INFO - Öffne Datei: C_A1_Class2_DUT1_V1_Vishay_after_press_50.picolog
2025-03-31 14:57:02,259 - INFO - Klick an Position: (5427, -1709)
2025-03-31 14:57:02,661 - INFO - Klick an Position: (5585, -1596)
2025-03-31 14:57:03,063 - INFO - Klick an Position: (5897, -915)
2025-03-31 14:57:03,465 - INFO - Klick an Position: (5897, -915)
2025-03-31 14:57:03,867 - INFO - Klick an Position: (5897, -915)
2025-03-31 14:57:04,269 - INFO - Klick an Position: (5897, -915)
2025-03-31 14:57:04,672 - INFO - Klick an Position: (5897, -915)
2025-03-31 14:57:05,073 - INFO - Klick an Position: (5897, -915)
2025-03-31 14:57:05,476 - INFO - Klick an Position: (5897, -915)
2025-03-31 14:57:05,878 - INFO - Klick an Position: (5897, -915)
2025-03-31 14:57:06,280 - INFO - Klick an Position: (5897, -915)
2025-03-31 14:57:06,681 - INFO - Klick an Position: (6084, -903)
2025-03-31 14:57:07,084 - INFO - Klick an Position: (6047, -875)
2025-03-31 14:57:07,486 - INFO - Klick an Position: (6047, -732)
2025-03-31 14:57:07,889 - INFO - Klick an Position: (5775, -695)
2025-03-31 14:57:08,291 - INFO - Klick an Position: (5888, -599)
2025-03-31 14:57:08,694 - INFO - Klick an Position: (6132, -500)
2025-03-31 14:57:09,097 - INFO - Klick an Position: (5984, -615)
2025-03-31 14:57:09,609 - INFO - Dateiname 'C_A1_Class2_DUT1_V1_Vishay_after_press_50.csv' eingefügt.
2025-03-31 14:57:10,012 - INFO - Klick an Position: (5249, -494)
2025-03-31 14:57:10,012 - INFO - Warte 62.39s ...
2025-03-31 14:58:12,402 - INFO - Wartezeit durchgeführt.
2025-03-31 14:58:12,804 - INFO - Klick an Position: (7653, -1776)
2025-03-31 14:58:14,806 - INFO - Öffne Datei: C_A1_Class2_DUT2_V1_Vishay_after_press_50.picolog
2025-03-31 14:58:20,279 - INFO - Klick an Position: (5427, -1709)
2025-03-31 14:58:20,682 - INFO - Klick an Position: (5585, -1596)
2025-03-31 14:58:21,085 - INFO - Klick an Position: (5897, -915)
2025-03-31 14:58:21,487 - INFO - Klick an Position: (5897, -915)
2025-03-31 14:58:21,888 - INFO - Klick an Position: (5897, -915)
2025-03-31 14:58:22,290 - INFO - Klick an Position: (5897, -915)
2025-03-31 14:58:22,692 - INFO - Klick an Position: (5897, -915)
2025-03-31 14:58:23,094 - INFO - Klick an Position: (5897, -915)
2025-03-31 14:58:23,496 - INFO - Klick an Position: (5897, -915)
2025-03-31 14:58:23,898 - INFO - Klick an Position: (5897, -915)
2025-03-31 14:58:24,301 - INFO - Klick an Position: (5897, -915)
2025-03-31 14:58:24,704 - INFO - Klick an Position: (6084, -903)
2025-03-31 14:58:25,106 - INFO - Klick an Position: (6047, -875)
2025-03-31 14:58:25,508 - INFO - Klick an Position: (6047, -732)
2025-03-31 14:58:25,911 - INFO - Klick an Position: (5775, -695)
2025-03-31 14:58:26,313 - INFO - Klick an Position: (5888, -599)
2025-03-31 14:58:26,715 - INFO - Klick an Position: (6132, -500)
2025-03-31 14:58:27,118 - INFO - Klick an Position: (5984, -615)
2025-03-31 14:58:27,630 - INFO - Dateiname 'C_A1_Class2_DUT2_V1_Vishay_after_press_50.csv' eingefügt.
2025-03-31 14:58:28,033 - INFO - Klick an Position: (5249, -494)
2025-03-31 14:58:28,034 - INFO - Warte 60.97s ...
2025-03-31 14:59:29,002 - INFO - Wartezeit durchgeführt.
2025-03-31 14:59:29,404 - INFO - Klick an Position: (7653, -1776)
2025-03-31 14:59:31,405 - INFO - Öffne Datei: C_A1_Class2_DUT3_V1_Vishay_after_press_50.picolog
2025-03-31 14:59:36,881 - INFO - Klick an Position: (5427, -1709)
2025-03-31 14:59:37,288 - INFO - Klick an Position: (5585, -1596)
2025-03-31 14:59:37,694 - INFO - Klick an Position: (5897, -915)
2025-03-31 14:59:38,097 - INFO - Klick an Position: (5897, -915)
2025-03-31 14:59:38,499 - INFO - Klick an Position: (5897, -915)
2025-03-31 14:59:38,902 - INFO - Klick an Position: (5897, -915)
2025-03-31 14:59:39,304 - INFO - Klick an Position: (5897, -915)
2025-03-31 14:59:39,706 - INFO - Klick an Position: (5897, -915)
2025-03-31 14:59:40,107 - INFO - Klick an Position: (5897, -915)
2025-03-31 14:59:40,510 - INFO - Klick an Position: (5897, -915)
2025-03-31 14:59:40,913 - INFO - Klick an Position: (5897, -915)
2025-03-31 14:59:41,315 - INFO - Klick an Position: (6084, -903)
2025-03-31 14:59:41,717 - INFO - Klick an Position: (6047, -875)
2025-03-31 14:59:42,120 - INFO - Klick an Position: (6047, -732)
2025-03-31 14:59:42,523 - INFO - Klick an Position: (5775, -695)
2025-03-31 14:59:42,925 - INFO - Klick an Position: (5888, -599)
2025-03-31 14:59:43,327 - INFO - Klick an Position: (6132, -500)
2025-03-31 14:59:43,742 - INFO - Klick an Position: (5984, -615)
2025-03-31 14:59:44,255 - INFO - Dateiname 'C_A1_Class2_DUT3_V1_Vishay_after_press_50.csv' eingefügt.
2025-03-31 14:59:44,658 - INFO - Klick an Position: (5249, -494)
2025-03-31 14:59:44,659 - INFO - Warte 60.31s ...
2025-03-31 15:00:44,974 - INFO - Wartezeit durchgeführt.
2025-03-31 15:00:45,377 - INFO - Klick an Position: (7653, -1776)
2025-03-31 15:00:47,378 - INFO - Öffne Datei: C_A1_Class2_DUT7_V1_Vishay_50.picolog
2025-03-31 15:00:52,866 - INFO - Klick an Position: (5427, -1709)
2025-03-31 15:00:53,269 - INFO - Klick an Position: (5585, -1596)
2025-03-31 15:00:53,672 - INFO - Klick an Position: (5897, -915)
2025-03-31 15:00:54,074 - INFO - Klick an Position: (5897, -915)
2025-03-31 15:00:54,476 - INFO - Klick an Position: (5897, -915)
2025-03-31 15:00:54,878 - INFO - Klick an Position: (5897, -915)
2025-03-31 15:00:55,280 - INFO - Klick an Position: (5897, -915)
2025-03-31 15:00:55,682 - INFO - Klick an Position: (5897, -915)
2025-03-31 15:00:56,084 - INFO - Klick an Position: (5897, -915)
2025-03-31 15:00:56,487 - INFO - Klick an Position: (5897, -915)
2025-03-31 15:00:56,889 - INFO - Klick an Position: (5897, -915)
2025-03-31 15:00:57,293 - INFO - Klick an Position: (6084, -903)
2025-03-31 15:00:57,696 - INFO - Klick an Position: (6047, -875)
2025-03-31 15:00:58,098 - INFO - Klick an Position: (6047, -732)
2025-03-31 15:00:58,501 - INFO - Klick an Position: (5775, -695)
2025-03-31 15:00:58,907 - INFO - Klick an Position: (5888, -599)
2025-03-31 15:00:59,309 - INFO - Klick an Position: (6132, -500)
2025-03-31 15:00:59,711 - INFO - Klick an Position: (5984, -615)
2025-03-31 15:01:00,229 - INFO - Dateiname 'C_A1_Class2_DUT7_V1_Vishay_50.csv' eingefügt.
2025-03-31 15:01:00,632 - INFO - Klick an Position: (5249, -494)
2025-03-31 15:01:00,632 - INFO - Warte 60.2s ...
2025-03-31 15:02:00,833 - INFO - Wartezeit durchgeführt.
2025-03-31 15:02:01,236 - INFO - Klick an Position: (7653, -1776)
2025-03-31 15:02:03,237 - INFO - Öffne Datei: C_A1_Class2_DUT3_V1_Vishay_pressed_50.picolog
2025-03-31 15:02:08,712 - INFO - Klick an Position: (5427, -1709)
2025-03-31 15:02:09,114 - INFO - Klick an Position: (5585, -1596)
2025-03-31 15:02:09,516 - INFO - Klick an Position: (5897, -915)
2025-03-31 15:02:09,919 - INFO - Klick an Position: (5897, -915)
2025-03-31 15:02:10,321 - INFO - Klick an Position: (5897, -915)
2025-03-31 15:02:10,723 - INFO - Klick an Position: (5897, -915)
2025-03-31 15:02:11,125 - INFO - Klick an Position: (5897, -915)
2025-03-31 15:02:11,527 - INFO - Klick an Position: (5897, -915)
2025-03-31 15:02:11,929 - INFO - Klick an Position: (5897, -915)
2025-03-31 15:02:12,331 - INFO - Klick an Position: (5897, -915)
2025-03-31 15:02:12,733 - INFO - Klick an Position: (5897, -915)
2025-03-31 15:02:13,135 - INFO - Klick an Position: (6084, -903)
2025-03-31 15:02:13,538 - INFO - Klick an Position: (6047, -875)
2025-03-31 15:02:13,940 - INFO - Klick an Position: (6047, -732)
2025-03-31 15:02:14,343 - INFO - Klick an Position: (5775, -695)
2025-03-31 15:02:14,745 - INFO - Klick an Position: (5888, -599)
2025-03-31 15:02:15,147 - INFO - Klick an Position: (6132, -500)
2025-03-31 15:02:15,551 - INFO - Klick an Position: (5984, -615)
2025-03-31 15:02:16,068 - INFO - Dateiname 'C_A1_Class2_DUT3_V1_Vishay_pressed_50.csv' eingefügt.
2025-03-31 15:02:16,471 - INFO - Klick an Position: (5249, -494)
2025-03-31 15:02:16,471 - INFO - Warte 59.39s ...
2025-03-31 15:03:15,866 - INFO - Wartezeit durchgeführt.
2025-03-31 15:03:16,268 - INFO - Klick an Position: (7653, -1776)
2025-03-31 15:03:18,269 - INFO - Öffne Datei: C_A1_Class2_DUT4_V1_Vishay_50.picolog
2025-03-31 15:03:23,743 - INFO - Klick an Position: (5427, -1709)
2025-03-31 15:03:24,146 - INFO - Klick an Position: (5585, -1596)
2025-03-31 15:03:24,548 - INFO - Klick an Position: (5897, -915)
2025-03-31 15:03:24,950 - INFO - Klick an Position: (5897, -915)
2025-03-31 15:03:25,353 - INFO - Klick an Position: (5897, -915)
2025-03-31 15:03:25,754 - INFO - Klick an Position: (5897, -915)
2025-03-31 15:03:26,156 - INFO - Klick an Position: (5897, -915)
2025-03-31 15:03:26,558 - INFO - Klick an Position: (5897, -915)
2025-03-31 15:03:26,960 - INFO - Klick an Position: (5897, -915)
2025-03-31 15:03:27,362 - INFO - Klick an Position: (5897, -915)
2025-03-31 15:03:27,764 - INFO - Klick an Position: (5897, -915)
2025-03-31 15:03:28,166 - INFO - Klick an Position: (6084, -903)
2025-03-31 15:03:28,574 - INFO - Klick an Position: (6047, -875)
2025-03-31 15:03:28,977 - INFO - Klick an Position: (6047, -732)
2025-03-31 15:03:29,379 - INFO - Klick an Position: (5775, -695)
2025-03-31 15:03:29,782 - INFO - Klick an Position: (5888, -599)
2025-03-31 15:03:30,184 - INFO - Klick an Position: (6132, -500)
2025-03-31 15:03:30,586 - INFO - Klick an Position: (5984, -615)
2025-03-31 15:03:31,104 - INFO - Dateiname 'C_A1_Class2_DUT4_V1_Vishay_50.csv' eingefügt.
2025-03-31 15:03:31,507 - INFO - Klick an Position: (5249, -494)
2025-03-31 15:03:31,507 - INFO - Warte 56.25s ...
2025-03-31 15:04:27,754 - INFO - Wartezeit durchgeführt.
2025-03-31 15:04:28,157 - INFO - Klick an Position: (7653, -1776)
2025-03-31 15:04:30,158 - INFO - Öffne Datei: C_A1_Class2_DUT5_V1_Vishay_50.picolog
2025-03-31 15:04:35,633 - INFO - Klick an Position: (5427, -1709)
2025-03-31 15:04:36,036 - INFO - Klick an Position: (5585, -1596)
2025-03-31 15:04:36,438 - INFO - Klick an Position: (5897, -915)
2025-03-31 15:04:36,841 - INFO - Klick an Position: (5897, -915)
2025-03-31 15:04:37,243 - INFO - Klick an Position: (5897, -915)
2025-03-31 15:04:37,645 - INFO - Klick an Position: (5897, -915)
2025-03-31 15:04:38,047 - INFO - Klick an Position: (5897, -915)
2025-03-31 15:04:38,449 - INFO - Klick an Position: (5897, -915)
2025-03-31 15:04:38,851 - INFO - Klick an Position: (5897, -915)
2025-03-31 15:04:39,253 - INFO - Klick an Position: (5897, -915)
2025-03-31 15:04:39,655 - INFO - Klick an Position: (5897, -915)
2025-03-31 15:04:40,057 - INFO - Klick an Position: (6084, -903)
2025-03-31 15:04:40,460 - INFO - Klick an Position: (6047, -875)
2025-03-31 15:04:40,862 - INFO - Klick an Position: (6047, -732)
2025-03-31 15:04:41,265 - INFO - Klick an Position: (5775, -695)
2025-03-31 15:04:41,668 - INFO - Klick an Position: (5888, -599)
2025-03-31 15:04:42,070 - INFO - Klick an Position: (6132, -500)
2025-03-31 15:04:42,480 - INFO - Klick an Position: (5984, -615)
2025-03-31 15:04:42,997 - INFO - Dateiname 'C_A1_Class2_DUT5_V1_Vishay_50.csv' eingefügt.
2025-03-31 15:04:43,400 - INFO - Klick an Position: (5249, -494)
2025-03-31 15:04:43,400 - INFO - Warte 55.82s ...
2025-03-31 15:05:39,225 - INFO - Wartezeit durchgeführt.
2025-03-31 15:05:39,628 - INFO - Klick an Position: (7653, -1776)
2025-03-31 15:05:41,629 - INFO - Öffne Datei: C_A1_Class2_DUT2_V1_Vishay_50.picolog
2025-03-31 15:05:47,117 - INFO - Klick an Position: (5427, -1709)
2025-03-31 15:05:47,520 - INFO - Klick an Position: (5585, -1596)
2025-03-31 15:05:47,922 - INFO - Klick an Position: (5897, -915)
2025-03-31 15:05:48,325 - INFO - Klick an Position: (5897, -915)
2025-03-31 15:05:48,727 - INFO - Klick an Position: (5897, -915)
2025-03-31 15:05:49,129 - INFO - Klick an Position: (5897, -915)
2025-03-31 15:05:49,535 - INFO - Klick an Position: (5897, -915)
2025-03-31 15:05:49,938 - INFO - Klick an Position: (5897, -915)
2025-03-31 15:05:50,339 - INFO - Klick an Position: (5897, -915)
2025-03-31 15:05:50,742 - INFO - Klick an Position: (5897, -915)
2025-03-31 15:05:51,143 - INFO - Klick an Position: (5897, -915)
2025-03-31 15:05:51,545 - INFO - Klick an Position: (6084, -903)
2025-03-31 15:05:51,948 - INFO - Klick an Position: (6047, -875)
2025-03-31 15:05:52,350 - INFO - Klick an Position: (6047, -732)
2025-03-31 15:05:52,752 - INFO - Klick an Position: (5775, -695)
2025-03-31 15:05:53,155 - INFO - Klick an Position: (5888, -599)
2025-03-31 15:05:53,557 - INFO - Klick an Position: (6132, -500)
2025-03-31 15:05:53,959 - INFO - Klick an Position: (5984, -615)
2025-03-31 15:05:54,474 - INFO - Dateiname 'C_A1_Class2_DUT2_V1_Vishay_50.csv' eingefügt.
2025-03-31 15:05:54,877 - INFO - Klick an Position: (5249, -494)
2025-03-31 15:05:54,877 - INFO - Warte 54.4s ...
2025-03-31 15:06:49,281 - INFO - Wartezeit durchgeführt.
2025-03-31 15:06:49,684 - INFO - Klick an Position: (7653, -1776)
2025-03-31 15:06:51,685 - INFO - Öffne Datei: C_A1_Class2_DUT1_V1_Vishay_pressed_50.picolog
2025-03-31 15:06:57,170 - INFO - Klick an Position: (5427, -1709)
2025-03-31 15:06:57,574 - INFO - Klick an Position: (5585, -1596)
2025-03-31 15:06:57,975 - INFO - Klick an Position: (5897, -915)
2025-03-31 15:06:58,377 - INFO - Klick an Position: (5897, -915)
2025-03-31 15:06:58,780 - INFO - Klick an Position: (5897, -915)
2025-03-31 15:06:59,182 - INFO - Klick an Position: (5897, -915)
2025-03-31 15:06:59,585 - INFO - Klick an Position: (5897, -915)
2025-03-31 15:06:59,987 - INFO - Klick an Position: (5897, -915)
2025-03-31 15:07:00,390 - INFO - Klick an Position: (5897, -915)
2025-03-31 15:07:00,792 - INFO - Klick an Position: (5897, -915)
2025-03-31 15:07:01,194 - INFO - Klick an Position: (5897, -915)
2025-03-31 15:07:01,596 - INFO - Klick an Position: (6084, -903)
2025-03-31 15:07:01,999 - INFO - Klick an Position: (6047, -875)
2025-03-31 15:07:02,402 - INFO - Klick an Position: (6047, -732)
2025-03-31 15:07:02,805 - INFO - Klick an Position: (5775, -695)
2025-03-31 15:07:03,207 - INFO - Klick an Position: (5888, -599)
2025-03-31 15:07:03,609 - INFO - Klick an Position: (6132, -500)
2025-03-31 15:07:04,011 - INFO - Klick an Position: (5984, -615)
2025-03-31 15:07:04,523 - INFO - Dateiname 'C_A1_Class2_DUT1_V1_Vishay_pressed_50.csv' eingefügt.
2025-03-31 15:07:04,926 - INFO - Klick an Position: (5249, -494)
2025-03-31 15:07:04,926 - INFO - Warte 53.67s ...
2025-03-31 15:07:58,601 - INFO - Wartezeit durchgeführt.
2025-03-31 15:07:59,003 - INFO - Klick an Position: (7653, -1776)
2025-03-31 15:08:01,004 - INFO - Öffne Datei: C_A1_Class2_DUT6_V1_Vishay_50.picolog
2025-03-31 15:08:06,489 - INFO - Klick an Position: (5427, -1709)
2025-03-31 15:08:06,891 - INFO - Klick an Position: (5585, -1596)
2025-03-31 15:08:07,293 - INFO - Klick an Position: (5897, -915)
2025-03-31 15:08:07,696 - INFO - Klick an Position: (5897, -915)
2025-03-31 15:08:08,098 - INFO - Klick an Position: (5897, -915)
2025-03-31 15:08:08,500 - INFO - Klick an Position: (5897, -915)
2025-03-31 15:08:08,901 - INFO - Klick an Position: (5897, -915)
2025-03-31 15:08:09,304 - INFO - Klick an Position: (5897, -915)
2025-03-31 15:08:09,706 - INFO - Klick an Position: (5897, -915)
2025-03-31 15:08:10,108 - INFO - Klick an Position: (5897, -915)
2025-03-31 15:08:10,511 - INFO - Klick an Position: (5897, -915)
2025-03-31 15:08:10,912 - INFO - Klick an Position: (6084, -903)
2025-03-31 15:08:11,315 - INFO - Klick an Position: (6047, -875)
2025-03-31 15:08:11,718 - INFO - Klick an Position: (6047, -732)
2025-03-31 15:08:12,120 - INFO - Klick an Position: (5775, -695)
2025-03-31 15:08:12,527 - INFO - Klick an Position: (5888, -599)
2025-03-31 15:08:12,929 - INFO - Klick an Position: (6132, -500)
2025-03-31 15:08:13,331 - INFO - Klick an Position: (5984, -615)
2025-03-31 15:08:13,843 - INFO - Dateiname 'C_A1_Class2_DUT6_V1_Vishay_50.csv' eingefügt.
2025-03-31 15:08:14,246 - INFO - Klick an Position: (5249, -494)
2025-03-31 15:08:14,247 - INFO - Warte 53.14s ...
2025-03-31 15:09:07,384 - INFO - Wartezeit durchgeführt.
2025-03-31 15:09:07,786 - INFO - Klick an Position: (7653, -1776)
2025-03-31 15:09:09,787 - INFO - Öffne Datei: C_A1_Class2_DUT1_V1_Vishay_50.picolog
2025-03-31 15:09:15,261 - INFO - Klick an Position: (5427, -1709)
2025-03-31 15:09:15,663 - INFO - Klick an Position: (5585, -1596)
2025-03-31 15:09:16,065 - INFO - Klick an Position: (5897, -915)
2025-03-31 15:09:16,467 - INFO - Klick an Position: (5897, -915)
2025-03-31 15:09:16,869 - INFO - Klick an Position: (5897, -915)
2025-03-31 15:09:17,271 - INFO - Klick an Position: (5897, -915)
2025-03-31 15:09:17,673 - INFO - Klick an Position: (5897, -915)
2025-03-31 15:09:18,076 - INFO - Klick an Position: (5897, -915)
2025-03-31 15:09:18,478 - INFO - Klick an Position: (5897, -915)
2025-03-31 15:09:18,880 - INFO - Klick an Position: (5897, -915)
2025-03-31 15:09:19,282 - INFO - Klick an Position: (5897, -915)
2025-03-31 15:09:19,684 - INFO - Klick an Position: (6084, -903)
2025-03-31 15:09:20,086 - INFO - Klick an Position: (6047, -875)
2025-03-31 15:09:20,489 - INFO - Klick an Position: (6047, -732)
2025-03-31 15:09:20,891 - INFO - Klick an Position: (5775, -695)
2025-03-31 15:09:21,294 - INFO - Klick an Position: (5888, -599)
2025-03-31 15:09:21,696 - INFO - Klick an Position: (6132, -500)
2025-03-31 15:09:22,099 - INFO - Klick an Position: (5984, -615)
2025-03-31 15:09:22,614 - INFO - Dateiname 'C_A1_Class2_DUT1_V1_Vishay_50.csv' eingefügt.
2025-03-31 15:09:23,018 - INFO - Klick an Position: (5249, -494)
2025-03-31 15:09:23,018 - INFO - Warte 51.83s ...
2025-03-31 15:10:14,850 - INFO - Wartezeit durchgeführt.
2025-03-31 15:10:15,252 - INFO - Klick an Position: (7653, -1776)
2025-03-31 15:10:17,253 - INFO - Öffne Datei: C_A1_Class2_DUT3_V1_Vishay_50.picolog
2025-03-31 15:10:22,726 - INFO - Klick an Position: (5427, -1709)
2025-03-31 15:10:23,128 - INFO - Klick an Position: (5585, -1596)
2025-03-31 15:10:23,530 - INFO - Klick an Position: (5897, -915)
2025-03-31 15:10:23,933 - INFO - Klick an Position: (5897, -915)
2025-03-31 15:10:24,334 - INFO - Klick an Position: (5897, -915)
2025-03-31 15:10:24,737 - INFO - Klick an Position: (5897, -915)
2025-03-31 15:10:25,139 - INFO - Klick an Position: (5897, -915)
2025-03-31 15:10:25,543 - INFO - Klick an Position: (5897, -915)
2025-03-31 15:10:25,946 - INFO - Klick an Position: (5897, -915)
2025-03-31 15:10:26,348 - INFO - Klick an Position: (5897, -915)
2025-03-31 15:10:26,750 - INFO - Klick an Position: (5897, -915)
2025-03-31 15:10:27,152 - INFO - Klick an Position: (6084, -903)
2025-03-31 15:10:27,554 - INFO - Klick an Position: (6047, -875)
2025-03-31 15:10:27,956 - INFO - Klick an Position: (6047, -732)
2025-03-31 15:10:28,359 - INFO - Klick an Position: (5775, -695)
2025-03-31 15:10:28,762 - INFO - Klick an Position: (5888, -599)
2025-03-31 15:10:29,164 - INFO - Klick an Position: (6132, -500)
2025-03-31 15:10:29,567 - INFO - Klick an Position: (5984, -615)
2025-03-31 15:10:30,078 - INFO - Dateiname 'C_A1_Class2_DUT3_V1_Vishay_50.csv' eingefügt.
2025-03-31 15:10:30,481 - INFO - Klick an Position: (5249, -494)
2025-03-31 15:10:30,481 - INFO - Warte 51.1s ...
2025-03-31 15:11:21,584 - INFO - Wartezeit durchgeführt.
2025-03-31 15:11:21,986 - INFO - Klick an Position: (7653, -1776)
2025-03-31 15:11:23,987 - INFO - Öffne Datei: C_A1_Class2_DUT8_V1_Vishay_50.picolog
2025-03-31 15:11:29,482 - INFO - Klick an Position: (5427, -1709)
2025-03-31 15:11:29,884 - INFO - Klick an Position: (5585, -1596)
2025-03-31 15:11:30,286 - INFO - Klick an Position: (5897, -915)
2025-03-31 15:11:30,688 - INFO - Klick an Position: (5897, -915)
2025-03-31 15:11:31,091 - INFO - Klick an Position: (5897, -915)
2025-03-31 15:11:31,493 - INFO - Klick an Position: (5897, -915)
2025-03-31 15:11:31,895 - INFO - Klick an Position: (5897, -915)
2025-03-31 15:11:32,297 - INFO - Klick an Position: (5897, -915)
2025-03-31 15:11:32,699 - INFO - Klick an Position: (5897, -915)
2025-03-31 15:11:33,102 - INFO - Klick an Position: (5897, -915)
2025-03-31 15:11:33,504 - INFO - Klick an Position: (5897, -915)
2025-03-31 15:11:33,906 - INFO - Klick an Position: (6084, -903)
2025-03-31 15:11:34,308 - INFO - Klick an Position: (6047, -875)
2025-03-31 15:11:34,710 - INFO - Klick an Position: (6047, -732)
2025-03-31 15:11:35,113 - INFO - Klick an Position: (5775, -695)
2025-03-31 15:11:35,515 - INFO - Klick an Position: (5888, -599)
2025-03-31 15:11:35,917 - INFO - Klick an Position: (6132, -500)
2025-03-31 15:11:36,320 - INFO - Klick an Position: (5984, -615)
2025-03-31 15:11:36,833 - INFO - Dateiname 'C_A1_Class2_DUT8_V1_Vishay_50.csv' eingefügt.
2025-03-31 15:11:37,236 - INFO - Klick an Position: (5249, -494)
2025-03-31 15:11:37,236 - INFO - Warte 50.99s ...
2025-03-31 15:12:28,223 - INFO - Wartezeit durchgeführt.
2025-03-31 15:12:28,626 - INFO - Klick an Position: (7653, -1776)
2025-03-31 15:12:30,627 - INFO - Öffne Datei: ESR_A2_Class2_DUT1_V1_Vishay_50.picolog
2025-03-31 15:12:36,100 - INFO - Klick an Position: (5427, -1709)
2025-03-31 15:12:36,503 - INFO - Klick an Position: (5585, -1596)
2025-03-31 15:12:36,905 - INFO - Klick an Position: (5897, -915)
2025-03-31 15:12:37,307 - INFO - Klick an Position: (5897, -915)
2025-03-31 15:12:37,709 - INFO - Klick an Position: (5897, -915)
2025-03-31 15:12:38,112 - INFO - Klick an Position: (5897, -915)
2025-03-31 15:12:38,513 - INFO - Klick an Position: (5897, -915)
2025-03-31 15:12:38,915 - INFO - Klick an Position: (5897, -915)
2025-03-31 15:12:39,317 - INFO - Klick an Position: (5897, -915)
2025-03-31 15:12:39,720 - INFO - Klick an Position: (5897, -915)
2025-03-31 15:12:40,122 - INFO - Klick an Position: (5897, -915)
2025-03-31 15:12:40,525 - INFO - Klick an Position: (6084, -903)
2025-03-31 15:12:40,928 - INFO - Klick an Position: (6047, -875)
2025-03-31 15:12:41,334 - INFO - Klick an Position: (6047, -732)
2025-03-31 15:12:41,736 - INFO - Klick an Position: (5775, -695)
2025-03-31 15:12:42,139 - INFO - Klick an Position: (5888, -599)
2025-03-31 15:12:42,541 - INFO - Klick an Position: (6132, -500)
2025-03-31 15:12:42,944 - INFO - Klick an Position: (5984, -615)
2025-03-31 15:12:43,458 - INFO - Dateiname 'ESR_A2_Class2_DUT1_V1_Vishay_50.csv' eingefügt.
2025-03-31 15:12:43,860 - INFO - Klick an Position: (5249, -494)
2025-03-31 15:12:43,861 - INFO - Warte 43.73s ...
2025-03-31 15:13:27,593 - INFO - Wartezeit durchgeführt.
2025-03-31 15:13:28,011 - INFO - Klick an Position: (7653, -1776)
2025-03-31 15:13:30,012 - INFO - Öffne Datei: ESR_A2_Class2_DUT2_V1_Vishay_pressed_50.picolog
2025-03-31 15:13:35,489 - INFO - Klick an Position: (5427, -1709)
2025-03-31 15:13:35,892 - INFO - Klick an Position: (5585, -1596)
2025-03-31 15:13:36,294 - INFO - Klick an Position: (5897, -915)
2025-03-31 15:13:36,696 - INFO - Klick an Position: (5897, -915)
2025-03-31 15:13:37,098 - INFO - Klick an Position: (5897, -915)
2025-03-31 15:13:37,500 - INFO - Klick an Position: (5897, -915)
2025-03-31 15:13:37,902 - INFO - Klick an Position: (5897, -915)
2025-03-31 15:13:38,305 - INFO - Klick an Position: (5897, -915)
2025-03-31 15:13:38,706 - INFO - Klick an Position: (5897, -915)
2025-03-31 15:13:39,108 - INFO - Klick an Position: (5897, -915)
2025-03-31 15:13:39,511 - INFO - Klick an Position: (5897, -915)
2025-03-31 15:13:39,913 - INFO - Klick an Position: (6084, -903)
2025-03-31 15:13:40,315 - INFO - Klick an Position: (6047, -875)
2025-03-31 15:13:40,717 - INFO - Klick an Position: (6047, -732)
2025-03-31 15:13:41,119 - INFO - Klick an Position: (5775, -695)
2025-03-31 15:13:41,521 - INFO - Klick an Position: (5888, -599)
2025-03-31 15:13:41,923 - INFO - Klick an Position: (6132, -500)
2025-03-31 15:13:42,325 - INFO - Klick an Position: (5984, -615)
2025-03-31 15:13:42,843 - INFO - Dateiname 'ESR_A2_Class2_DUT2_V1_Vishay_pressed_50.csv' eingefügt.
2025-03-31 15:13:43,245 - INFO - Klick an Position: (5249, -494)
2025-03-31 15:13:43,246 - INFO - Warte 29.83s ...
2025-03-31 15:14:13,080 - INFO - Wartezeit durchgeführt.
2025-03-31 15:14:13,483 - INFO - Klick an Position: (7653, -1776)
2025-03-31 15:14:15,484 - INFO - Öffne Datei: ESR_A2_Class2_DUT4_V1_Vishay_50.picolog
2025-03-31 15:14:20,962 - INFO - Klick an Position: (5427, -1709)
2025-03-31 15:14:21,364 - INFO - Klick an Position: (5585, -1596)
2025-03-31 15:14:21,767 - INFO - Klick an Position: (5897, -915)
2025-03-31 15:14:22,169 - INFO - Klick an Position: (5897, -915)
2025-03-31 15:14:22,571 - INFO - Klick an Position: (5897, -915)
2025-03-31 15:14:22,973 - INFO - Klick an Position: (5897, -915)
2025-03-31 15:14:23,375 - INFO - Klick an Position: (5897, -915)
2025-03-31 15:14:23,777 - INFO - Klick an Position: (5897, -915)
2025-03-31 15:14:24,179 - INFO - Klick an Position: (5897, -915)
2025-03-31 15:14:24,581 - INFO - Klick an Position: (5897, -915)
2025-03-31 15:14:24,983 - INFO - Klick an Position: (5897, -915)
2025-03-31 15:14:25,385 - INFO - Klick an Position: (6084, -903)
2025-03-31 15:14:25,787 - INFO - Klick an Position: (6047, -875)
2025-03-31 15:14:26,191 - INFO - Klick an Position: (6047, -732)
2025-03-31 15:14:26,593 - INFO - Klick an Position: (5775, -695)
2025-03-31 15:14:26,996 - INFO - Klick an Position: (5888, -599)
2025-03-31 15:14:27,398 - INFO - Klick an Position: (6132, -500)
2025-03-31 15:14:27,801 - INFO - Klick an Position: (5984, -615)
2025-03-31 15:14:28,315 - INFO - Dateiname 'ESR_A2_Class2_DUT4_V1_Vishay_50.csv' eingefügt.
2025-03-31 15:14:28,718 - INFO - Klick an Position: (5249, -494)
2025-03-31 15:14:28,718 - INFO - Warte 28.11s ...
2025-03-31 15:14:56,825 - INFO - Wartezeit durchgeführt.
2025-03-31 15:14:57,227 - INFO - Klick an Position: (7653, -1776)
2025-03-31 15:14:59,229 - INFO - Öffne Datei: ESR_A2_Class2_DUT2_V1_Vishay_after_press_50.picolog
2025-03-31 15:15:04,706 - INFO - Klick an Position: (5427, -1709)
2025-03-31 15:15:05,109 - INFO - Klick an Position: (5585, -1596)
2025-03-31 15:15:05,511 - INFO - Klick an Position: (5897, -915)
2025-03-31 15:15:05,913 - INFO - Klick an Position: (5897, -915)
2025-03-31 15:15:06,315 - INFO - Klick an Position: (5897, -915)
2025-03-31 15:15:06,718 - INFO - Klick an Position: (5897, -915)
2025-03-31 15:15:07,120 - INFO - Klick an Position: (5897, -915)
2025-03-31 15:15:07,524 - INFO - Klick an Position: (5897, -915)
2025-03-31 15:15:07,926 - INFO - Klick an Position: (5897, -915)
2025-03-31 15:15:08,328 - INFO - Klick an Position: (5897, -915)
2025-03-31 15:15:08,730 - INFO - Klick an Position: (5897, -915)
2025-03-31 15:15:09,132 - INFO - Klick an Position: (6084, -903)
2025-03-31 15:15:09,538 - INFO - Klick an Position: (6047, -875)
2025-03-31 15:15:09,940 - INFO - Klick an Position: (6047, -732)
2025-03-31 15:15:10,343 - INFO - Klick an Position: (5775, -695)
2025-03-31 15:15:10,745 - INFO - Klick an Position: (5888, -599)
2025-03-31 15:15:11,147 - INFO - Klick an Position: (6132, -500)
2025-03-31 15:15:11,549 - INFO - Klick an Position: (5984, -615)
2025-03-31 15:15:12,063 - INFO - Dateiname 'ESR_A2_Class2_DUT2_V1_Vishay_after_press_50.csv' eingefügt.
2025-03-31 15:15:12,466 - INFO - Klick an Position: (5249, -494)
2025-03-31 15:15:12,466 - INFO - Warte 27.91s ...
2025-03-31 15:15:40,381 - INFO - Wartezeit durchgeführt.
2025-03-31 15:15:40,784 - INFO - Klick an Position: (7653, -1776)
2025-03-31 15:15:42,785 - INFO - Öffne Datei: ESR_A2_Class2_DUT7_V1_Vishay_50.picolog
2025-03-31 15:15:48,278 - INFO - Klick an Position: (5427, -1709)
2025-03-31 15:15:48,681 - INFO - Klick an Position: (5585, -1596)
2025-03-31 15:15:49,083 - INFO - Klick an Position: (5897, -915)
2025-03-31 15:15:49,486 - INFO - Klick an Position: (5897, -915)
2025-03-31 15:15:49,888 - INFO - Klick an Position: (5897, -915)
2025-03-31 15:15:50,290 - INFO - Klick an Position: (5897, -915)
2025-03-31 15:15:50,692 - INFO - Klick an Position: (5897, -915)
2025-03-31 15:15:51,094 - INFO - Klick an Position: (5897, -915)
2025-03-31 15:15:51,497 - INFO - Klick an Position: (5897, -915)
2025-03-31 15:15:51,899 - INFO - Klick an Position: (5897, -915)
2025-03-31 15:15:52,301 - INFO - Klick an Position: (5897, -915)
2025-03-31 15:15:52,703 - INFO - Klick an Position: (6084, -903)
2025-03-31 15:15:53,105 - INFO - Klick an Position: (6047, -875)
2025-03-31 15:15:53,507 - INFO - Klick an Position: (6047, -732)
2025-03-31 15:15:53,910 - INFO - Klick an Position: (5775, -695)
2025-03-31 15:15:54,312 - INFO - Klick an Position: (5888, -599)
2025-03-31 15:15:54,714 - INFO - Klick an Position: (6132, -500)
2025-03-31 15:15:55,116 - INFO - Klick an Position: (5984, -615)
2025-03-31 15:15:55,629 - INFO - Dateiname 'ESR_A2_Class2_DUT7_V1_Vishay_50.csv' eingefügt.
2025-03-31 15:15:56,032 - INFO - Klick an Position: (5249, -494)
2025-03-31 15:15:56,033 - INFO - Warte 27.41s ...
2025-03-31 15:16:23,448 - INFO - Wartezeit durchgeführt.
2025-03-31 15:16:23,851 - INFO - Klick an Position: (7653, -1776)
2025-03-31 15:16:25,852 - INFO - Öffne Datei: ESR_A2_Class2_DUT1_V1_Vishay_after_press_50.picolog
2025-03-31 15:16:31,332 - INFO - Klick an Position: (5427, -1709)
2025-03-31 15:16:31,735 - INFO - Klick an Position: (5585, -1596)
2025-03-31 15:16:32,138 - INFO - Klick an Position: (5897, -915)
2025-03-31 15:16:32,540 - INFO - Klick an Position: (5897, -915)
2025-03-31 15:16:32,943 - INFO - Klick an Position: (5897, -915)
2025-03-31 15:16:33,345 - INFO - Klick an Position: (5897, -915)
2025-03-31 15:16:33,746 - INFO - Klick an Position: (5897, -915)
2025-03-31 15:16:34,154 - INFO - Klick an Position: (5897, -915)
2025-03-31 15:16:34,555 - INFO - Klick an Position: (5897, -915)
2025-03-31 15:16:34,957 - INFO - Klick an Position: (5897, -915)
2025-03-31 15:16:35,358 - INFO - Klick an Position: (5897, -915)
2025-03-31 15:16:35,760 - INFO - Klick an Position: (6084, -903)
2025-03-31 15:16:36,163 - INFO - Klick an Position: (6047, -875)
2025-03-31 15:16:36,565 - INFO - Klick an Position: (6047, -732)
2025-03-31 15:16:36,968 - INFO - Klick an Position: (5775, -695)
2025-03-31 15:16:37,371 - INFO - Klick an Position: (5888, -599)
2025-03-31 15:16:37,773 - INFO - Klick an Position: (6132, -500)
2025-03-31 15:16:38,176 - INFO - Klick an Position: (5984, -615)
2025-03-31 15:16:38,691 - INFO - Dateiname 'ESR_A2_Class2_DUT1_V1_Vishay_after_press_50.csv' eingefügt.
2025-03-31 15:16:39,094 - INFO - Klick an Position: (5249, -494)
2025-03-31 15:16:39,094 - INFO - Warte 27.15s ...
2025-03-31 15:17:06,241 - INFO - Wartezeit durchgeführt.
2025-03-31 15:17:06,643 - INFO - Klick an Position: (7653, -1776)
2025-03-31 15:17:08,644 - INFO - Öffne Datei: ESR_A2_Class2_DUT3_V1_Vishay_after_press_50.picolog
2025-03-31 15:17:14,119 - INFO - Klick an Position: (5427, -1709)
2025-03-31 15:17:14,522 - INFO - Klick an Position: (5585, -1596)
2025-03-31 15:17:14,924 - INFO - Klick an Position: (5897, -915)
2025-03-31 15:17:15,326 - INFO - Klick an Position: (5897, -915)
2025-03-31 15:17:15,728 - INFO - Klick an Position: (5897, -915)
2025-03-31 15:17:16,130 - INFO - Klick an Position: (5897, -915)
2025-03-31 15:17:16,533 - INFO - Klick an Position: (5897, -915)
2025-03-31 15:17:16,935 - INFO - Klick an Position: (5897, -915)
2025-03-31 15:17:17,337 - INFO - Klick an Position: (5897, -915)
2025-03-31 15:17:17,739 - INFO - Klick an Position: (5897, -915)
2025-03-31 15:17:18,141 - INFO - Klick an Position: (5897, -915)
2025-03-31 15:17:18,543 - INFO - Klick an Position: (6084, -903)
2025-03-31 15:17:18,945 - INFO - Klick an Position: (6047, -875)
2025-03-31 15:17:19,348 - INFO - Klick an Position: (6047, -732)
2025-03-31 15:17:19,751 - INFO - Klick an Position: (5775, -695)
2025-03-31 15:17:20,154 - INFO - Klick an Position: (5888, -599)
2025-03-31 15:17:20,556 - INFO - Klick an Position: (6132, -500)
2025-03-31 15:17:20,958 - INFO - Klick an Position: (5984, -615)
2025-03-31 15:17:21,470 - INFO - Dateiname 'ESR_A2_Class2_DUT3_V1_Vishay_after_press_50.csv' eingefügt.
2025-03-31 15:17:21,874 - INFO - Klick an Position: (5249, -494)
2025-03-31 15:17:21,874 - INFO - Warte 26.88s ...
2025-03-31 15:17:48,752 - INFO - Wartezeit durchgeführt.
2025-03-31 15:17:49,156 - INFO - Klick an Position: (7653, -1776)
2025-03-31 15:17:51,157 - INFO - Öffne Datei: ESR_A2_Class2_DUT5_V1_Vishay_50.picolog
2025-03-31 15:17:56,636 - INFO - Klick an Position: (5427, -1709)
2025-03-31 15:17:57,038 - INFO - Klick an Position: (5585, -1596)
2025-03-31 15:17:57,440 - INFO - Klick an Position: (5897, -915)
2025-03-31 15:17:57,842 - INFO - Klick an Position: (5897, -915)
2025-03-31 15:17:58,244 - INFO - Klick an Position: (5897, -915)
2025-03-31 15:17:58,646 - INFO - Klick an Position: (5897, -915)
2025-03-31 15:17:59,049 - INFO - Klick an Position: (5897, -915)
2025-03-31 15:17:59,451 - INFO - Klick an Position: (5897, -915)
2025-03-31 15:17:59,853 - INFO - Klick an Position: (5897, -915)
2025-03-31 15:18:00,255 - INFO - Klick an Position: (5897, -915)
2025-03-31 15:18:00,657 - INFO - Klick an Position: (5897, -915)
2025-03-31 15:18:01,060 - INFO - Klick an Position: (6084, -903)
2025-03-31 15:18:01,462 - INFO - Klick an Position: (6047, -875)
2025-03-31 15:18:01,865 - INFO - Klick an Position: (6047, -732)
2025-03-31 15:18:02,267 - INFO - Klick an Position: (5775, -695)
2025-03-31 15:18:02,669 - INFO - Klick an Position: (5888, -599)
2025-03-31 15:18:03,072 - INFO - Klick an Position: (6132, -500)
2025-03-31 15:18:03,474 - INFO - Klick an Position: (5984, -615)
2025-03-31 15:18:03,986 - INFO - Dateiname 'ESR_A2_Class2_DUT5_V1_Vishay_50.csv' eingefügt.
2025-03-31 15:18:04,389 - INFO - Klick an Position: (5249, -494)
2025-03-31 15:18:04,390 - INFO - Warte 26.57s ...
2025-03-31 15:18:30,961 - INFO - Wartezeit durchgeführt.
2025-03-31 15:18:31,363 - INFO - Klick an Position: (7653, -1776)
2025-03-31 15:18:33,364 - INFO - Öffne Datei: ESR_A2_Class2_DUT3_V1_Vishay_50.picolog
2025-03-31 15:18:38,838 - INFO - Klick an Position: (5427, -1709)
2025-03-31 15:18:39,241 - INFO - Klick an Position: (5585, -1596)
2025-03-31 15:18:39,642 - INFO - Klick an Position: (5897, -915)
2025-03-31 15:18:40,045 - INFO - Klick an Position: (5897, -915)
2025-03-31 15:18:40,447 - INFO - Klick an Position: (5897, -915)
2025-03-31 15:18:40,849 - INFO - Klick an Position: (5897, -915)
2025-03-31 15:18:41,251 - INFO - Klick an Position: (5897, -915)
2025-03-31 15:18:41,653 - INFO - Klick an Position: (5897, -915)
2025-03-31 15:18:42,055 - INFO - Klick an Position: (5897, -915)
2025-03-31 15:18:42,457 - INFO - Klick an Position: (5897, -915)
2025-03-31 15:18:42,859 - INFO - Klick an Position: (5897, -915)
2025-03-31 15:18:43,261 - INFO - Klick an Position: (6084, -903)
2025-03-31 15:18:43,663 - INFO - Klick an Position: (6047, -875)
2025-03-31 15:18:44,066 - INFO - Klick an Position: (6047, -732)
2025-03-31 15:18:44,468 - INFO - Klick an Position: (5775, -695)
2025-03-31 15:18:44,870 - INFO - Klick an Position: (5888, -599)
2025-03-31 15:18:45,272 - INFO - Klick an Position: (6132, -500)
2025-03-31 15:18:45,675 - INFO - Klick an Position: (5984, -615)
2025-03-31 15:18:46,187 - INFO - Dateiname 'ESR_A2_Class2_DUT3_V1_Vishay_50.csv' eingefügt.
2025-03-31 15:18:46,590 - INFO - Klick an Position: (5249, -494)
2025-03-31 15:18:46,591 - INFO - Warte 26.15s ...
2025-03-31 15:19:12,739 - INFO - Wartezeit durchgeführt.
2025-03-31 15:19:13,141 - INFO - Klick an Position: (7653, -1776)
2025-03-31 15:19:15,142 - INFO - Öffne Datei: ESR_A2_Class2_DUT6_V1_Vishay_50.picolog
2025-03-31 15:19:20,619 - INFO - Klick an Position: (5427, -1709)
2025-03-31 15:19:21,022 - INFO - Klick an Position: (5585, -1596)
2025-03-31 15:19:21,424 - INFO - Klick an Position: (5897, -915)
2025-03-31 15:19:21,826 - INFO - Klick an Position: (5897, -915)
2025-03-31 15:19:22,228 - INFO - Klick an Position: (5897, -915)
2025-03-31 15:19:22,629 - INFO - Klick an Position: (5897, -915)
2025-03-31 15:19:23,032 - INFO - Klick an Position: (5897, -915)
2025-03-31 15:19:23,434 - INFO - Klick an Position: (5897, -915)
2025-03-31 15:19:23,836 - INFO - Klick an Position: (5897, -915)
2025-03-31 15:19:24,238 - INFO - Klick an Position: (5897, -915)
2025-03-31 15:19:24,640 - INFO - Klick an Position: (5897, -915)
2025-03-31 15:19:25,042 - INFO - Klick an Position: (6084, -903)
2025-03-31 15:19:25,445 - INFO - Klick an Position: (6047, -875)
2025-03-31 15:19:25,847 - INFO - Klick an Position: (6047, -732)
2025-03-31 15:19:26,249 - INFO - Klick an Position: (5775, -695)
2025-03-31 15:19:26,652 - INFO - Klick an Position: (5888, -599)
2025-03-31 15:19:27,055 - INFO - Klick an Position: (6132, -500)
2025-03-31 15:19:27,457 - INFO - Klick an Position: (5984, -615)
2025-03-31 15:19:27,969 - INFO - Dateiname 'ESR_A2_Class2_DUT6_V1_Vishay_50.csv' eingefügt.
2025-03-31 15:19:28,371 - INFO - Klick an Position: (5249, -494)
2025-03-31 15:19:28,372 - INFO - Warte 25.88s ...
2025-03-31 15:19:54,252 - INFO - Wartezeit durchgeführt.
2025-03-31 15:19:54,655 - INFO - Klick an Position: (7653, -1776)
2025-03-31 15:19:56,656 - INFO - Öffne Datei: ESR_A2_Class2_DUT2_V1_Vishay_50.picolog
2025-03-31 15:20:02,132 - INFO - Klick an Position: (5427, -1709)
2025-03-31 15:20:02,535 - INFO - Klick an Position: (5585, -1596)
2025-03-31 15:20:02,937 - INFO - Klick an Position: (5897, -915)
2025-03-31 15:20:03,339 - INFO - Klick an Position: (5897, -915)
2025-03-31 15:20:03,741 - INFO - Klick an Position: (5897, -915)
2025-03-31 15:20:04,143 - INFO - Klick an Position: (5897, -915)
2025-03-31 15:20:04,545 - INFO - Klick an Position: (5897, -915)
2025-03-31 15:20:04,947 - INFO - Klick an Position: (5897, -915)
2025-03-31 15:20:05,349 - INFO - Klick an Position: (5897, -915)
2025-03-31 15:20:05,751 - INFO - Klick an Position: (5897, -915)
2025-03-31 15:20:06,153 - INFO - Klick an Position: (5897, -915)
2025-03-31 15:20:06,555 - INFO - Klick an Position: (6084, -903)
2025-03-31 15:20:06,958 - INFO - Klick an Position: (6047, -875)
2025-03-31 15:20:07,360 - INFO - Klick an Position: (6047, -732)
2025-03-31 15:20:07,763 - INFO - Klick an Position: (5775, -695)
2025-03-31 15:20:08,166 - INFO - Klick an Position: (5888, -599)
2025-03-31 15:20:08,570 - INFO - Klick an Position: (6132, -500)
2025-03-31 15:20:08,972 - INFO - Klick an Position: (5984, -615)
2025-03-31 15:20:09,484 - INFO - Dateiname 'ESR_A2_Class2_DUT2_V1_Vishay_50.csv' eingefügt.
2025-03-31 15:20:09,888 - INFO - Klick an Position: (5249, -494)
2025-03-31 15:20:09,888 - INFO - Warte 25.46s ...
2025-03-31 15:20:35,347 - INFO - Wartezeit durchgeführt.
2025-03-31 15:20:35,749 - INFO - Klick an Position: (7653, -1776)
2025-03-31 15:20:37,751 - INFO - Öffne Datei: ESR_A2_Class2_DUT3_V1_Vishay_pressed_50.picolog
2025-03-31 15:20:43,245 - INFO - Klick an Position: (5427, -1709)
2025-03-31 15:20:43,647 - INFO - Klick an Position: (5585, -1596)
2025-03-31 15:20:44,050 - INFO - Klick an Position: (5897, -915)
2025-03-31 15:20:44,453 - INFO - Klick an Position: (5897, -915)
2025-03-31 15:20:44,855 - INFO - Klick an Position: (5897, -915)
2025-03-31 15:20:45,257 - INFO - Klick an Position: (5897, -915)
2025-03-31 15:20:45,659 - INFO - Klick an Position: (5897, -915)
2025-03-31 15:20:46,061 - INFO - Klick an Position: (5897, -915)
2025-03-31 15:20:46,463 - INFO - Klick an Position: (5897, -915)
2025-03-31 15:20:46,865 - INFO - Klick an Position: (5897, -915)
2025-03-31 15:20:47,267 - INFO - Klick an Position: (5897, -915)
2025-03-31 15:20:47,670 - INFO - Klick an Position: (6084, -903)
2025-03-31 15:20:48,072 - INFO - Klick an Position: (6047, -875)
2025-03-31 15:20:48,474 - INFO - Klick an Position: (6047, -732)
2025-03-31 15:20:48,876 - INFO - Klick an Position: (5775, -695)
2025-03-31 15:20:49,279 - INFO - Klick an Position: (5888, -599)
2025-03-31 15:20:49,680 - INFO - Klick an Position: (6132, -500)
2025-03-31 15:20:50,083 - INFO - Klick an Position: (5984, -615)
2025-03-31 15:20:50,594 - INFO - Dateiname 'ESR_A2_Class2_DUT3_V1_Vishay_pressed_50.csv' eingefügt.
2025-03-31 15:20:50,997 - INFO - Klick an Position: (5249, -494)
2025-03-31 15:20:50,998 - INFO - Warte 24.69s ...
2025-03-31 15:21:15,687 - INFO - Wartezeit durchgeführt.
2025-03-31 15:21:16,090 - INFO - Klick an Position: (7653, -1776)
2025-03-31 15:21:18,091 - INFO - Öffne Datei: ESR_A2_Class2_DUT1_V1_Vishay_pressed_50.picolog
2025-03-31 15:21:23,563 - INFO - Klick an Position: (5427, -1709)
2025-03-31 15:21:23,965 - INFO - Klick an Position: (5585, -1596)
2025-03-31 15:21:24,367 - INFO - Klick an Position: (5897, -915)
2025-03-31 15:21:24,769 - INFO - Klick an Position: (5897, -915)
2025-03-31 15:21:25,172 - INFO - Klick an Position: (5897, -915)
2025-03-31 15:21:25,574 - INFO - Klick an Position: (5897, -915)
2025-03-31 15:21:25,976 - INFO - Klick an Position: (5897, -915)
2025-03-31 15:21:26,378 - INFO - Klick an Position: (5897, -915)
2025-03-31 15:21:26,780 - INFO - Klick an Position: (5897, -915)
2025-03-31 15:21:27,182 - INFO - Klick an Position: (5897, -915)
2025-03-31 15:21:27,584 - INFO - Klick an Position: (5897, -915)
2025-03-31 15:21:27,987 - INFO - Klick an Position: (6084, -903)
2025-03-31 15:21:28,390 - INFO - Klick an Position: (6047, -875)
2025-03-31 15:21:28,792 - INFO - Klick an Position: (6047, -732)
2025-03-31 15:21:29,195 - INFO - Klick an Position: (5775, -695)
2025-03-31 15:21:29,598 - INFO - Klick an Position: (5888, -599)
2025-03-31 15:21:30,000 - INFO - Klick an Position: (6132, -500)
2025-03-31 15:21:30,403 - INFO - Klick an Position: (5984, -615)
2025-03-31 15:21:30,918 - INFO - Dateiname 'ESR_A2_Class2_DUT1_V1_Vishay_pressed_50.csv' eingefügt.
2025-03-31 15:21:31,321 - INFO - Klick an Position: (5249, -494)
2025-03-31 15:21:31,322 - INFO - Warte 24.34s ...
2025-03-31 15:21:55,666 - INFO - Wartezeit durchgeführt.
2025-03-31 15:21:56,069 - INFO - Klick an Position: (7653, -1776)
2025-03-31 15:21:58,070 - INFO - Öffne Datei: ESR_A2_Class2_DUT8_V1_Vishay_50.picolog
2025-03-31 15:22:03,551 - INFO - Klick an Position: (5427, -1709)
2025-03-31 15:22:03,953 - INFO - Klick an Position: (5585, -1596)
2025-03-31 15:22:04,355 - INFO - Klick an Position: (5897, -915)
2025-03-31 15:22:04,758 - INFO - Klick an Position: (5897, -915)
2025-03-31 15:22:05,160 - INFO - Klick an Position: (5897, -915)
2025-03-31 15:22:05,562 - INFO - Klick an Position: (5897, -915)
2025-03-31 15:22:05,963 - INFO - Klick an Position: (5897, -915)
2025-03-31 15:22:06,365 - INFO - Klick an Position: (5897, -915)
2025-03-31 15:22:06,767 - INFO - Klick an Position: (5897, -915)
2025-03-31 15:22:07,170 - INFO - Klick an Position: (5897, -915)
2025-03-31 15:22:07,571 - INFO - Klick an Position: (5897, -915)
2025-03-31 15:22:07,974 - INFO - Klick an Position: (6084, -903)
2025-03-31 15:22:08,376 - INFO - Klick an Position: (6047, -875)
2025-03-31 15:22:08,778 - INFO - Klick an Position: (6047, -732)
2025-03-31 15:22:09,180 - INFO - Klick an Position: (5775, -695)
2025-03-31 15:22:09,583 - INFO - Klick an Position: (5888, -599)
2025-03-31 15:22:09,986 - INFO - Klick an Position: (6132, -500)
2025-03-31 15:22:10,388 - INFO - Klick an Position: (5984, -615)
2025-03-31 15:22:10,903 - INFO - Dateiname 'ESR_A2_Class2_DUT8_V1_Vishay_50.csv' eingefügt.
2025-03-31 15:22:11,306 - INFO - Klick an Position: (5249, -494)
2025-03-31 15:22:11,307 - INFO - Warte 21.54s ...
2025-03-31 15:22:32,848 - INFO - Wartezeit durchgeführt.
2025-03-31 15:22:33,251 - INFO - Klick an Position: (7653, -1776)
2025-03-31 15:22:35,252 - INFO - Öffne Datei: C_B1_DUT8_V1_Vishay_50.picolog
2025-03-31 15:22:40,735 - INFO - Klick an Position: (5427, -1709)
2025-03-31 15:22:41,138 - INFO - Klick an Position: (5585, -1596)
2025-03-31 15:22:41,540 - INFO - Klick an Position: (5897, -915)
2025-03-31 15:22:41,942 - INFO - Klick an Position: (5897, -915)
2025-03-31 15:22:42,344 - INFO - Klick an Position: (5897, -915)
2025-03-31 15:22:42,746 - INFO - Klick an Position: (5897, -915)
2025-03-31 15:22:43,149 - INFO - Klick an Position: (5897, -915)
2025-03-31 15:22:43,551 - INFO - Klick an Position: (5897, -915)
2025-03-31 15:22:43,953 - INFO - Klick an Position: (5897, -915)
2025-03-31 15:22:44,355 - INFO - Klick an Position: (5897, -915)
2025-03-31 15:22:44,757 - INFO - Klick an Position: (5897, -915)
2025-03-31 15:22:45,160 - INFO - Klick an Position: (6084, -903)
2025-03-31 15:22:45,563 - INFO - Klick an Position: (6047, -875)
2025-03-31 15:22:45,966 - INFO - Klick an Position: (6047, -732)
2025-03-31 15:22:46,369 - INFO - Klick an Position: (5775, -695)
2025-03-31 15:22:46,771 - INFO - Klick an Position: (5888, -599)
2025-03-31 15:22:47,173 - INFO - Klick an Position: (6132, -500)
2025-03-31 15:22:47,592 - INFO - Klick an Position: (5984, -615)
2025-03-31 15:22:48,108 - INFO - Dateiname 'C_B1_DUT8_V1_Vishay_50.csv' eingefügt.
2025-03-31 15:22:48,515 - INFO - Klick an Position: (5249, -494)
2025-03-31 15:22:48,515 - INFO - Warte 14.05s ...
2025-03-31 15:23:02,571 - INFO - Wartezeit durchgeführt.
2025-03-31 15:23:02,974 - INFO - Klick an Position: (7653, -1776)
2025-03-31 15:23:04,975 - INFO - Öffne Datei: C_B1_DUT1_V1_Vishay_after_press_50.picolog
2025-03-31 15:23:10,452 - INFO - Klick an Position: (5427, -1709)
2025-03-31 15:23:10,855 - INFO - Klick an Position: (5585, -1596)
2025-03-31 15:23:11,257 - INFO - Klick an Position: (5897, -915)
2025-03-31 15:23:11,659 - INFO - Klick an Position: (5897, -915)
2025-03-31 15:23:12,061 - INFO - Klick an Position: (5897, -915)
2025-03-31 15:23:12,464 - INFO - Klick an Position: (5897, -915)
2025-03-31 15:23:12,866 - INFO - Klick an Position: (5897, -915)
2025-03-31 15:23:13,269 - INFO - Klick an Position: (5897, -915)
2025-03-31 15:23:13,671 - INFO - Klick an Position: (5897, -915)
2025-03-31 15:23:14,073 - INFO - Klick an Position: (5897, -915)
2025-03-31 15:23:14,475 - INFO - Klick an Position: (5897, -915)
2025-03-31 15:23:14,877 - INFO - Klick an Position: (6084, -903)
2025-03-31 15:23:15,279 - INFO - Klick an Position: (6047, -875)
2025-03-31 15:23:15,682 - INFO - Klick an Position: (6047, -732)
2025-03-31 15:23:16,085 - INFO - Klick an Position: (5775, -695)
2025-03-31 15:23:16,487 - INFO - Klick an Position: (5888, -599)
2025-03-31 15:23:16,890 - INFO - Klick an Position: (6132, -500)
2025-03-31 15:23:17,292 - INFO - Klick an Position: (5984, -615)
2025-03-31 15:23:17,804 - INFO - Dateiname 'C_B1_DUT1_V1_Vishay_after_press_50.csv' eingefügt.
2025-03-31 15:23:18,208 - INFO - Klick an Position: (5249, -494)
2025-03-31 15:23:18,209 - INFO - Warte 13.09s ...
2025-03-31 15:23:31,305 - INFO - Wartezeit durchgeführt.
2025-03-31 15:23:31,707 - INFO - Klick an Position: (7653, -1776)
2025-03-31 15:23:33,709 - INFO - Öffne Datei: C_B1_DUT3_V1_Vishay_after_press_50.picolog
2025-03-31 15:23:39,182 - INFO - Klick an Position: (5427, -1709)
2025-03-31 15:23:39,584 - INFO - Klick an Position: (5585, -1596)
2025-03-31 15:23:39,986 - INFO - Klick an Position: (5897, -915)
2025-03-31 15:23:40,387 - INFO - Klick an Position: (5897, -915)
2025-03-31 15:23:40,790 - INFO - Klick an Position: (5897, -915)
2025-03-31 15:23:41,192 - INFO - Klick an Position: (5897, -915)
2025-03-31 15:23:41,594 - INFO - Klick an Position: (5897, -915)
2025-03-31 15:23:41,996 - INFO - Klick an Position: (5897, -915)
2025-03-31 15:23:42,398 - INFO - Klick an Position: (5897, -915)
2025-03-31 15:23:42,800 - INFO - Klick an Position: (5897, -915)
2025-03-31 15:23:43,202 - INFO - Klick an Position: (5897, -915)
2025-03-31 15:23:43,605 - INFO - Klick an Position: (6084, -903)
2025-03-31 15:23:44,007 - INFO - Klick an Position: (6047, -875)
2025-03-31 15:23:44,410 - INFO - Klick an Position: (6047, -732)
2025-03-31 15:23:44,812 - INFO - Klick an Position: (5775, -695)
2025-03-31 15:23:45,215 - INFO - Klick an Position: (5888, -599)
2025-03-31 15:23:45,617 - INFO - Klick an Position: (6132, -500)
2025-03-31 15:23:46,019 - INFO - Klick an Position: (5984, -615)
2025-03-31 15:23:46,533 - INFO - Dateiname 'C_B1_DUT3_V1_Vishay_after_press_50.csv' eingefügt.
2025-03-31 15:23:46,938 - INFO - Klick an Position: (5249, -494)
2025-03-31 15:23:46,938 - INFO - Warte 12.52s ...
2025-03-31 15:23:59,459 - INFO - Wartezeit durchgeführt.
2025-03-31 15:23:59,861 - INFO - Klick an Position: (7653, -1776)
2025-03-31 15:24:01,862 - INFO - Öffne Datei: C_B1_DUT1_V1_Vishay_pressed_50.picolog
2025-03-31 15:24:07,335 - INFO - Klick an Position: (5427, -1709)
2025-03-31 15:24:07,738 - INFO - Klick an Position: (5585, -1596)
2025-03-31 15:24:08,139 - INFO - Klick an Position: (5897, -915)
2025-03-31 15:24:08,541 - INFO - Klick an Position: (5897, -915)
2025-03-31 15:24:08,943 - INFO - Klick an Position: (5897, -915)
2025-03-31 15:24:09,346 - INFO - Klick an Position: (5897, -915)
2025-03-31 15:24:09,748 - INFO - Klick an Position: (5897, -915)
2025-03-31 15:24:10,150 - INFO - Klick an Position: (5897, -915)
2025-03-31 15:24:10,552 - INFO - Klick an Position: (5897, -915)
2025-03-31 15:24:10,954 - INFO - Klick an Position: (5897, -915)
2025-03-31 15:24:11,356 - INFO - Klick an Position: (5897, -915)
2025-03-31 15:24:11,758 - INFO - Klick an Position: (6084, -903)
2025-03-31 15:24:12,161 - INFO - Klick an Position: (6047, -875)
2025-03-31 15:24:12,563 - INFO - Klick an Position: (6047, -732)
2025-03-31 15:24:12,968 - INFO - Klick an Position: (5775, -695)
2025-03-31 15:24:13,371 - INFO - Klick an Position: (5888, -599)
2025-03-31 15:24:13,772 - INFO - Klick an Position: (6132, -500)
2025-03-31 15:24:14,174 - INFO - Klick an Position: (5984, -615)
2025-03-31 15:24:14,692 - INFO - Dateiname 'C_B1_DUT1_V1_Vishay_pressed_50.csv' eingefügt.
2025-03-31 15:24:15,097 - INFO - Klick an Position: (5249, -494)
2025-03-31 15:24:15,097 - INFO - Warte 10.6s ...
2025-03-31 15:24:25,698 - INFO - Wartezeit durchgeführt.
2025-03-31 15:24:26,100 - INFO - Klick an Position: (7653, -1776)
2025-03-31 15:24:28,102 - INFO - Öffne Datei: C_B1_DUT2_V1_Vishay_after_press_50.picolog
2025-03-31 15:24:33,577 - INFO - Klick an Position: (5427, -1709)
2025-03-31 15:24:33,980 - INFO - Klick an Position: (5585, -1596)
2025-03-31 15:24:34,382 - INFO - Klick an Position: (5897, -915)
2025-03-31 15:24:34,784 - INFO - Klick an Position: (5897, -915)
2025-03-31 15:24:35,187 - INFO - Klick an Position: (5897, -915)
2025-03-31 15:24:35,589 - INFO - Klick an Position: (5897, -915)
2025-03-31 15:24:35,991 - INFO - Klick an Position: (5897, -915)
2025-03-31 15:24:36,393 - INFO - Klick an Position: (5897, -915)
2025-03-31 15:24:36,795 - INFO - Klick an Position: (5897, -915)
2025-03-31 15:24:37,197 - INFO - Klick an Position: (5897, -915)
2025-03-31 15:24:37,598 - INFO - Klick an Position: (5897, -915)
2025-03-31 15:24:38,001 - INFO - Klick an Position: (6084, -903)
2025-03-31 15:24:38,403 - INFO - Klick an Position: (6047, -875)
2025-03-31 15:24:38,806 - INFO - Klick an Position: (6047, -732)
2025-03-31 15:24:39,208 - INFO - Klick an Position: (5775, -695)
2025-03-31 15:24:39,611 - INFO - Klick an Position: (5888, -599)
2025-03-31 15:24:40,013 - INFO - Klick an Position: (6132, -500)
2025-03-31 15:24:40,416 - INFO - Klick an Position: (5984, -615)
2025-03-31 15:24:40,937 - INFO - Dateiname 'C_B1_DUT2_V1_Vishay_after_press_50.csv' eingefügt.
2025-03-31 15:24:41,340 - INFO - Klick an Position: (5249, -494)
2025-03-31 15:24:41,340 - INFO - Warte 10.45s ...
2025-03-31 15:24:51,787 - INFO - Wartezeit durchgeführt.
2025-03-31 15:24:52,189 - INFO - Klick an Position: (7653, -1776)
2025-03-31 15:24:54,191 - INFO - Öffne Datei: C_B1_DUT2_V1_Vishay_pressed_50.picolog
2025-03-31 15:24:59,678 - INFO - Klick an Position: (5427, -1709)
2025-03-31 15:25:00,080 - INFO - Klick an Position: (5585, -1596)
2025-03-31 15:25:00,482 - INFO - Klick an Position: (5897, -915)
2025-03-31 15:25:00,884 - INFO - Klick an Position: (5897, -915)
2025-03-31 15:25:01,286 - INFO - Klick an Position: (5897, -915)
2025-03-31 15:25:01,688 - INFO - Klick an Position: (5897, -915)
2025-03-31 15:25:02,090 - INFO - Klick an Position: (5897, -915)
2025-03-31 15:25:02,493 - INFO - Klick an Position: (5897, -915)
2025-03-31 15:25:02,894 - INFO - Klick an Position: (5897, -915)
2025-03-31 15:25:03,296 - INFO - Klick an Position: (5897, -915)
2025-03-31 15:25:03,706 - INFO - Klick an Position: (5897, -915)
2025-03-31 15:25:04,108 - INFO - Klick an Position: (6084, -903)
2025-03-31 15:25:04,511 - INFO - Klick an Position: (6047, -875)
2025-03-31 15:25:04,913 - INFO - Klick an Position: (6047, -732)
2025-03-31 15:25:05,316 - INFO - Klick an Position: (5775, -695)
2025-03-31 15:25:05,718 - INFO - Klick an Position: (5888, -599)
2025-03-31 15:25:06,121 - INFO - Klick an Position: (6132, -500)
2025-03-31 15:25:06,523 - INFO - Klick an Position: (5984, -615)
2025-03-31 15:25:07,035 - INFO - Dateiname 'C_B1_DUT2_V1_Vishay_pressed_50.csv' eingefügt.
2025-03-31 15:25:07,438 - INFO - Klick an Position: (5249, -494)
2025-03-31 15:25:07,438 - INFO - Warte 9.99s ...
2025-03-31 15:25:17,424 - INFO - Wartezeit durchgeführt.
2025-03-31 15:25:17,827 - INFO - Klick an Position: (7653, -1776)
2025-03-31 15:25:19,828 - INFO - Öffne Datei: C_B1_DUT3_V1_Vishay_pressed_50.picolog
2025-03-31 15:25:25,303 - INFO - Klick an Position: (5427, -1709)
2025-03-31 15:25:25,705 - INFO - Klick an Position: (5585, -1596)
2025-03-31 15:25:26,107 - INFO - Klick an Position: (5897, -915)
2025-03-31 15:25:26,509 - INFO - Klick an Position: (5897, -915)
2025-03-31 15:25:26,911 - INFO - Klick an Position: (5897, -915)
2025-03-31 15:25:27,313 - INFO - Klick an Position: (5897, -915)
2025-03-31 15:25:27,715 - INFO - Klick an Position: (5897, -915)
2025-03-31 15:25:28,117 - INFO - Klick an Position: (5897, -915)
2025-03-31 15:25:28,520 - INFO - Klick an Position: (5897, -915)
2025-03-31 15:25:28,922 - INFO - Klick an Position: (5897, -915)
2025-03-31 15:25:29,324 - INFO - Klick an Position: (5897, -915)
2025-03-31 15:25:29,727 - INFO - Klick an Position: (6084, -903)
2025-03-31 15:25:30,129 - INFO - Klick an Position: (6047, -875)
2025-03-31 15:25:30,532 - INFO - Klick an Position: (6047, -732)
2025-03-31 15:25:30,934 - INFO - Klick an Position: (5775, -695)
2025-03-31 15:25:31,336 - INFO - Klick an Position: (5888, -599)
2025-03-31 15:25:31,739 - INFO - Klick an Position: (6132, -500)
2025-03-31 15:25:32,141 - INFO - Klick an Position: (5984, -615)
2025-03-31 15:25:32,653 - INFO - Dateiname 'C_B1_DUT3_V1_Vishay_pressed_50.csv' eingefügt.
2025-03-31 15:25:33,056 - INFO - Klick an Position: (5249, -494)
2025-03-31 15:25:33,057 - INFO - Warte 9.95s ...
2025-03-31 15:25:43,005 - INFO - Wartezeit durchgeführt.
2025-03-31 15:25:43,408 - INFO - Klick an Position: (7653, -1776)
2025-03-31 15:30:34,733 - INFO - Öffne Datei: C_B1_DUT2_V1_Vishay_50.picolog
2025-03-31 15:30:40,270 - INFO - Klick an Position: (5427, -1709)
2025-03-31 15:30:40,672 - INFO - Klick an Position: (5585, -1596)
2025-03-31 15:30:41,082 - INFO - Klick an Position: (5897, -915)
2025-03-31 15:30:41,485 - INFO - Klick an Position: (5897, -915)
2025-03-31 15:30:41,887 - INFO - Klick an Position: (5897, -915)
2025-03-31 15:30:42,289 - INFO - Klick an Position: (5897, -915)
2025-03-31 15:30:42,691 - INFO - Klick an Position: (5897, -915)
2025-03-31 15:30:43,093 - INFO - Klick an Position: (5897, -915)
2025-03-31 15:30:43,496 - INFO - Klick an Position: (5897, -915)
2025-03-31 15:30:43,898 - INFO - Klick an Position: (5897, -915)
2025-03-31 15:30:44,300 - INFO - Klick an Position: (5897, -915)
2025-03-31 15:30:44,702 - INFO - Klick an Position: (6084, -903)
2025-03-31 15:30:45,104 - INFO - Klick an Position: (6047, -875)
2025-03-31 15:30:45,509 - INFO - Klick an Position: (6047, -732)
2025-03-31 15:30:45,911 - INFO - Klick an Position: (5775, -695)
2025-03-31 15:30:46,321 - INFO - Klick an Position: (5888, -599)
2025-03-31 15:30:46,723 - INFO - Klick an Position: (6132, -500)
2025-03-31 15:30:47,124 - INFO - Klick an Position: (5984, -615)
2025-03-31 15:30:47,634 - INFO - Dateiname 'C_B1_DUT2_V1_Vishay_50.csv' eingefügt.
2025-03-31 15:30:48,036 - INFO - Klick an Position: (5249, -494)
2025-03-31 15:30:48,036 - INFO - Warte 64.0s ...
2025-03-31 15:31:02,692 - INFO - Drücke SPACE für Position, V für Einfügen, ENTER für Wartezeit, ESC zum Beenden und Speichern.
2025-03-31 15:31:10,391 - INFO - Mausposition gespeichert: (5423, -1713)
2025-03-31 15:31:13,891 - INFO - Mausposition gespeichert: (5558, -1607)
2025-03-31 15:31:23,150 - INFO - Mausposition gespeichert: (5952, -620)
2025-03-31 15:31:27,939 - INFO - Einfügeaktion (V) gespeichert.
2025-03-31 15:31:36,791 - INFO - Mausposition gespeichert: (5261, -491)
2025-03-31 15:31:50,095 - INFO - Eingabe-Wartezeit gespeichert.
2025-03-31 15:31:52,823 - INFO - Mausposition gespeichert: (7649, -1769)
2025-03-31 15:32:27,379 - INFO - Klick an Position: (5427, -1709)
2025-03-31 15:32:27,784 - INFO - Klick an Position: (5585, -1596)
2025-03-31 15:32:28,187 - INFO - Klick an Position: (5897, -915)
2025-03-31 15:32:28,589 - INFO - Klick an Position: (5897, -915)
2025-03-31 15:32:28,991 - INFO - Klick an Position: (5897, -915)
2025-03-31 15:32:29,393 - INFO - Klick an Position: (5897, -915)
2025-03-31 15:32:29,795 - INFO - Klick an Position: (5897, -915)
2025-03-31 15:32:30,197 - INFO - Klick an Position: (5897, -915)
2025-03-31 15:32:30,600 - INFO - Klick an Position: (5897, -915)
2025-03-31 15:32:31,003 - INFO - Klick an Position: (5897, -915)
2025-03-31 15:32:31,405 - INFO - Klick an Position: (5897, -915)
2025-03-31 15:32:31,807 - INFO - Klick an Position: (6084, -903)
2025-03-31 15:32:32,210 - INFO - Klick an Position: (6047, -875)
2025-03-31 15:32:32,613 - INFO - Klick an Position: (6047, -732)
2025-03-31 15:32:33,015 - INFO - Klick an Position: (5775, -695)
2025-03-31 15:32:33,420 - INFO - Klick an Position: (5888, -599)
2025-03-31 15:32:33,822 - INFO - Klick an Position: (6132, -500)
2025-03-31 15:32:34,224 - INFO - Klick an Position: (5984, -615)
2025-03-31 15:32:34,735 - INFO - Dateiname 'filename.csv' eingefügt.
2025-03-31 15:32:35,138 - INFO - Klick an Position: (5249, -494)
2025-03-31 15:32:35,138 - INFO - Warte 64s ...
2025-03-31 15:32:49,435 - INFO - Drücke SPACE für Position, V für Einfügen, ENTER für Wartezeit, ESC zum Beenden und Speichern.
2025-03-31 15:32:55,719 - INFO - Mausposition gespeichert: (5429, -1710)
2025-03-31 15:33:01,430 - INFO - Mausposition gespeichert: (5564, -1601)
2025-03-31 15:33:08,472 - INFO - Mausposition gespeichert: (5949, -620)
2025-03-31 15:33:14,819 - INFO - Mausposition gespeichert: (4398, -656)
2025-03-31 15:33:16,261 - INFO - Einfügeaktion (V) gespeichert.
2025-03-31 15:33:18,969 - INFO - Mausposition gespeichert: (5259, -494)
2025-03-31 15:33:38,519 - INFO - Eingabe-Wartezeit gespeichert.
2025-03-31 15:33:43,592 - INFO - Mausposition gespeichert: (7647, -1766)
2025-03-31 15:33:46,760 - INFO - Aktionen gespeichert in mouse_positions.yaml.
2025-03-31 15:34:01,264 - INFO - Öffne Datei: C_B1_DUT2_V1_Vishay_50.picolog
2025-03-31 15:34:06,792 - INFO - Klick an Position: (5429, -1710)
2025-03-31 15:34:07,197 - INFO - Klick an Position: (5564, -1601)
2025-03-31 15:34:07,599 - INFO - Klick an Position: (5949, -620)
2025-03-31 15:34:08,002 - INFO - Klick an Position: (4398, -656)
2025-03-31 15:34:08,519 - INFO - Dateiname 'C_B1_DUT2_V1_Vishay_50.csv' eingefügt.
2025-03-31 15:34:08,927 - INFO - Klick an Position: (5259, -494)
2025-03-31 15:34:08,928 - INFO - Warte 21.55s ...
2025-03-31 15:34:30,478 - INFO - Wartezeit durchgeführt.
2025-03-31 15:34:30,881 - INFO - Klick an Position: (7647, -1766)
2025-03-31 15:34:32,882 - INFO - Öffne Datei: C_B1_DUT7_V1_Vishay_50.picolog
2025-03-31 15:34:38,357 - INFO - Klick an Position: (5429, -1710)
2025-03-31 15:34:38,760 - INFO - Klick an Position: (5564, -1601)
2025-03-31 15:34:39,162 - INFO - Klick an Position: (5949, -620)
2025-03-31 15:34:39,567 - INFO - Klick an Position: (4398, -656)
2025-03-31 15:34:40,078 - INFO - Dateiname 'C_B1_DUT7_V1_Vishay_50.csv' eingefügt.
2025-03-31 15:34:40,485 - INFO - Klick an Position: (5259, -494)
2025-03-31 15:34:40,486 - INFO - Warte 20.65s ...
2025-03-31 15:35:01,142 - INFO - Wartezeit durchgeführt.
2025-03-31 15:35:01,544 - INFO - Klick an Position: (7647, -1766)
2025-03-31 15:35:03,545 - INFO - Öffne Datei: C_B1_DUT5_V1_Vishay_50.picolog
2025-03-31 15:35:09,018 - INFO - Klick an Position: (5429, -1710)
2025-03-31 15:35:09,422 - INFO - Klick an Position: (5564, -1601)
2025-03-31 15:35:09,825 - INFO - Klick an Position: (5949, -620)
2025-03-31 15:35:10,235 - INFO - Klick an Position: (4398, -656)
2025-03-31 15:35:10,748 - INFO - Dateiname 'C_B1_DUT5_V1_Vishay_50.csv' eingefügt.
2025-03-31 15:35:11,155 - INFO - Klick an Position: (5259, -494)
2025-03-31 15:35:11,155 - INFO - Warte 20.45s ...
2025-03-31 15:35:31,605 - INFO - Wartezeit durchgeführt.
2025-03-31 15:35:32,007 - INFO - Klick an Position: (7647, -1766)
2025-03-31 15:35:34,009 - INFO - Öffne Datei: C_B1_DUT6_V1_Vishay_50.picolog
2025-03-31 15:35:39,490 - INFO - Klick an Position: (5429, -1710)
2025-03-31 15:35:39,892 - INFO - Klick an Position: (5564, -1601)
2025-03-31 15:35:40,308 - INFO - Klick an Position: (5949, -620)
2025-03-31 15:35:40,712 - INFO - Klick an Position: (4398, -656)
2025-03-31 15:35:41,225 - INFO - Dateiname 'C_B1_DUT6_V1_Vishay_50.csv' eingefügt.
2025-03-31 15:35:41,632 - INFO - Klick an Position: (5259, -494)
2025-03-31 15:35:41,632 - INFO - Warte 19.62s ...
2025-03-31 15:36:01,256 - INFO - Wartezeit durchgeführt.
2025-03-31 15:36:01,658 - INFO - Klick an Position: (7647, -1766)
2025-03-31 15:36:03,659 - INFO - Öffne Datei: C_B1_DUT3_V1_Vishay_50.picolog
2025-03-31 15:36:09,140 - INFO - Klick an Position: (5429, -1710)
2025-03-31 15:36:09,542 - INFO - Klick an Position: (5564, -1601)
2025-03-31 15:36:09,945 - INFO - Klick an Position: (5949, -620)
2025-03-31 15:36:10,348 - INFO - Klick an Position: (4398, -656)
2025-03-31 15:36:10,861 - INFO - Dateiname 'C_B1_DUT3_V1_Vishay_50.csv' eingefügt.
2025-03-31 15:36:11,270 - INFO - Klick an Position: (5259, -494)
2025-03-31 15:36:11,270 - INFO - Warte 17.9s ...
2025-03-31 15:36:29,173 - INFO - Wartezeit durchgeführt.
2025-03-31 15:36:29,575 - INFO - Klick an Position: (7647, -1766)
2025-03-31 15:36:31,577 - INFO - Öffne Datei: C_B1_DUT4_V1_Vishay_50.picolog
2025-03-31 15:36:37,054 - INFO - Klick an Position: (5429, -1710)
2025-03-31 15:36:37,456 - INFO - Klick an Position: (5564, -1601)
2025-03-31 15:36:37,859 - INFO - Klick an Position: (5949, -620)
2025-03-31 15:36:38,264 - INFO - Klick an Position: (4398, -656)
2025-03-31 15:36:38,777 - INFO - Dateiname 'C_B1_DUT4_V1_Vishay_50.csv' eingefügt.
2025-03-31 15:36:39,184 - INFO - Klick an Position: (5259, -494)
2025-03-31 15:36:39,184 - INFO - Warte 17.69s ...
2025-03-31 15:36:56,880 - INFO - Wartezeit durchgeführt.
2025-03-31 15:36:57,282 - INFO - Klick an Position: (7647, -1766)
2025-03-31 15:36:59,283 - INFO - Öffne Datei: C_B1_DUT1_V1_Vishay_50.picolog
2025-03-31 15:37:04,755 - INFO - Klick an Position: (5429, -1710)
2025-03-31 15:37:05,157 - INFO - Klick an Position: (5564, -1601)
2025-03-31 15:37:05,562 - INFO - Klick an Position: (5949, -620)
2025-03-31 15:37:05,967 - INFO - Klick an Position: (4398, -656)
2025-03-31 15:37:06,483 - INFO - Dateiname 'C_B1_DUT1_V1_Vishay_50.csv' eingefügt.
2025-03-31 15:37:06,891 - INFO - Klick an Position: (5259, -494)
2025-03-31 15:37:06,891 - INFO - Warte 16.52s ...
2025-03-31 15:37:23,417 - INFO - Wartezeit durchgeführt.
2025-03-31 15:37:23,819 - INFO - Klick an Position: (7647, -1766)
